<?xml version="1.0" encoding="UTF-8"?>
<!-- Generated by org.testng.reporters.JUnitXMLReporter -->
<testsuite hostname="EC2AMAZ-J5GP1U8" ignored="0" name="Test" tests="1" failures="1" timestamp="2021-08-09T09:58:31 UTC" time="5.482" errors="0">
  <testcase name="verifyUserLoginWithCorrectCredentials" time="0.8" classname="com.guru99.tests.LoginTests">
    <failure type="java.lang.AssertionError" message="expected [To failed the test and Take the Screenshot] but found [Guru99 Bank Manager HomePage]">
      <![CDATA[java.lang.AssertionError: expected [To failed the test and Take the Screenshot] but found [Guru99 Bank Manager HomePage]
at com.guru99.tests.LoginTests.verifyUserLoginWithCorrectCredentials(LoginTests.java:26)
at java.util.ArrayList.forEach(Unknown Source)
... Removed 32 stack frames]]>
    </failure>
  </testcase> <!-- verifyUserLoginWithCorrectCredentials -->
</testsuite> <!-- Test -->
